<?xml version="1.0" encoding="UTF-8"?>
<!-- Generated by org.testng.reporters.JUnitReportReporter -->
<testsuite hostname="userjudi-PC" name="Tests.AppTest" tests="2" failures="0" timestamp="10 Mar 2017 15:58:08 GMT" time="11.575" errors="0">
  <testcase name="LoginSuccedfull" time="3.353" classname="Tests.AppTest"/>
  <testcase name="searchVideo" time="8.222" classname="Tests.AppTest"/>
</testsuite> <!-- Tests.AppTest -->
